  UnitTest2.cpp
     Создается библиотека E:\STUDYING\aois\Lab2\Project2\x64\Debug\UnitTest2.lib и объект E:\STUDYING\aois\Lab2\Project2\x64\Debug\UnitTest2.exp
UnitTest2.obj : error LNK2019: ссылка на неразрешенный внешний символ "class std::set<char,struct std::less<char>,class std::allocator<char> > __cdecl GetExpInfo(class std::basic_string<char,struct std::char_traits<char>,class std::allocator<char> > const &)" (?GetExpInfo@@YA?AV?$set@DU?$less@D@std@@V?$allocator@D@2@@std@@AEBV?$basic_string@DU?$char_traits@D@std@@V?$allocator@D@2@@2@@Z) в функции "public: void __cdecl UnitTest2::UnitTest2::TestMethod1(void)" (?TestMethod1@UnitTest2@1@QEAAXXZ).
UnitTest2.obj : error LNK2019: ссылка на неразрешенный внешний символ "class std::vector<char,class std::allocator<char> > __cdecl PrintTable(class std::basic_string<char,struct std::char_traits<char>,class std::allocator<char> > const &,class std::vector<int,class std::allocator<int> > &)" (?PrintTable@@YA?AV?$vector@DV?$allocator@D@std@@@std@@AEBV?$basic_string@DU?$char_traits@D@std@@V?$allocator@D@2@@2@AEAV?$vector@HV?$allocator@H@std@@@2@@Z) в функции "public: void __cdecl UnitTest2::UnitTest2::TestMethod1(void)" (?TestMethod1@UnitTest2@1@QEAAXXZ).
UnitTest2.obj : error LNK2019: ссылка на неразрешенный внешний символ "double __cdecl CountIndexNumber(double &,class std::vector<int,class std::allocator<int> > &)" (?CountIndexNumber@@YANAEANAEAV?$vector@HV?$allocator@H@std@@@std@@@Z) в функции "public: void __cdecl UnitTest2::UnitTest2::TestMethod1(void)" (?TestMethod1@UnitTest2@1@QEAAXXZ).
E:\STUDYING\aois\Lab2\Project2\x64\Debug\UnitTest2.dll : fatal error LNK1120: неразрешенных внешних элементов: 3
